#
# A fatal error has been detected by the Java Runtime Environment:
#
#  EXCEPTION_ACCESS_VIOLATION (0xc0000005) at pc=0x000000006db37886, pid=12328, tid=0x0000000000002ff8
#
# JRE version: Java(TM) SE Runtime Environment (8.0_201-b09) (build 1.8.0_201-b09)
# Java VM: Java HotSpot(TM) 64-Bit Server VM (25.201-b09 mixed mode windows-amd64 compressed oops)
# Problematic frame:
# V  [jvm.dll+0x237886]
#
# Failed to write core dump. Minidumps are not enabled by default on client versions of Windows
#
# If you would like to submit a bug report, please visit:
#   http://bugreport.java.com/bugreport/crash.jsp
#

---------------  T H R E A D  ---------------

Current thread (0x000000001e807800):  VMThread [stack: 0x000000001f8c0000,0x000000001f9c0000] [id=12280]

siginfo: ExceptionCode=0xc0000005, reading address 0x0000000000000008

Registers:
RAX=0x0000000000000000, RBX=0x000000001f9bed20, RCX=0x000000001f9bed20, RDX=0x0000000000000028
RSP=0x000000001f9bea50, RBP=0x000000001f9bf260, RSI=0x0000000000000000, RDI=0x000000001f9bf3f0
R8 =0x0000000000000000, R9 =0x000000001e2f1350, R10=0x0000000000000008, R11=0x000000006df08f38
R12=0x000000001e7154c0, R13=0x000000001f9bf220, R14=0x00000000000003d8, R15=0x000000001f9bf210
RIP=0x000000006db37886, EFLAGS=0x0000000000010206

Top of Stack: (sp=0x000000001f9bea50)
0x000000001f9bea50:   0000000000000000 0000000000000000
0x000000001f9bea60:   000000076dc40328 000000076dbff5d8
0x000000001f9bea70:   000000076dbfe5e8 000000076dbfdee8
0x000000001f9bea80:   000000076dbfcea0 000000076dbfbcb8
0x000000001f9bea90:   000000076dbfbcb8 000000076dbfa168
0x000000001f9beaa0:   00000000050ff5e0 00000000050ff5e0
0x000000001f9beab0:   000000076db211e8 000000076db203f0
0x000000001f9beac0:   000000076db0c0c8 000000076db0c050
0x000000001f9bead0:   000000076db0bc50 000000076da45a98
0x000000001f9beae0:   000000076da45378 000000076da44c30
0x000000001f9beaf0:   000000076d920198 000000076d7974f0
0x000000001f9beb00:   000000076d796af0 000000076d78ceb0
0x000000001f9beb10:   000000076d78c7c8 000000076d78b968
0x000000001f9beb20:   000000076d78af88 000000076d789e88
0x000000001f9beb30:   000000076d784618 000000076d781a10
0x000000001f9beb40:   000000076d781128 000000076d780ee0 

Instructions: (pc=0x000000006db37886)
0x000000006db37866:   01 00 00 48 8b 05 c0 bf 5b 00 48 33 c4 48 89 84
0x000000006db37876:   24 30 01 00 00 4c 63 41 10 48 8b 41 08 48 8b d9
0x000000006db37886:   42 38 54 00 08 74 33 44 0f be c2 48 8d 4c 24 20
0x000000006db37896:   48 8d 15 e3 eb 3e 00 e8 ee e4 de ff 48 8d 0d 67 


Register to memory mapping:

RAX=0x0000000000000000 is an unknown value
RBX=0x000000001f9bed20 is an unknown value
RCX=0x000000001f9bed20 is an unknown value
RDX=0x0000000000000028 is an unknown value
RSP=0x000000001f9bea50 is an unknown value
RBP=0x000000001f9bf260 is an unknown value
RSI=0x0000000000000000 is an unknown value
RDI=0x000000001f9bf3f0 is an unknown value
R8 =0x0000000000000000 is an unknown value
R9 =0x000000001e2f1350 is pointing into metadata
R10=0x0000000000000008 is an unknown value
R11=0x000000006df08f38 is an unknown value
R12=0x000000001e7154c0 is an unknown value
R13=0x000000001f9bf220 is an unknown value
R14=0x00000000000003d8 is an unknown value
R15=0x000000001f9bf210 is an unknown value


Stack: [0x000000001f8c0000,0x000000001f9c0000],  sp=0x000000001f9bea50,  free space=1018k
Native frames: (J=compiled Java code, j=interpreted, Vv=VM code, C=native code)
V  [jvm.dll+0x237886]
V  [jvm.dll+0x237f04]
V  [jvm.dll+0xff673]
V  [jvm.dll+0x102763]
V  [jvm.dll+0x10322f]
V  [jvm.dll+0x103a75]
V  [jvm.dll+0x103cc2]
V  [jvm.dll+0xc51ae]
V  [jvm.dll+0xc5838]
V  [jvm.dll+0xc596a]
V  [jvm.dll+0xc5b68]
V  [jvm.dll+0x10fb3a]
V  [jvm.dll+0x12d45f]
V  [jvm.dll+0x1bf61f]
V  [jvm.dll+0x24d407]
V  [jvm.dll+0x24c6a6]
V  [jvm.dll+0x24cb41]
V  [jvm.dll+0x24cd5e]
V  [jvm.dll+0x29fb6a]
C  [msvcr100.dll+0x21db7]
C  [msvcr100.dll+0x21e53]
C  [KERNEL32.DLL+0x11fe4]
C  [ntdll.dll+0x6ef91]

VM_Operation (0x00000000202ff330): GetOrSetLocal, mode: safepoint, requested by thread 0x000000001e84b800


---------------  P R O C E S S  ---------------

Java Threads: ( => current thread )
  0x00000000218a3800 JavaThread "Okio Watchdog" daemon [_thread_blocked, id=13768, stack(0x00000000268a0000,0x00000000269a0000)]
  0x00000000250c5000 JavaThread "OkHttp ConnectionPool" daemon [_thread_blocked, id=13584, stack(0x0000000026180000,0x0000000026280000)]
  0x00000000244ef000 JavaThread "Exec Stream Pumper" daemon [_thread_in_native, id=7460, stack(0x00000000239a0000,0x0000000023aa0000)]
  0x00000000244ee000 JavaThread "Exec Stream Pumper" daemon [_thread_in_native, id=7484, stack(0x00000000228d0000,0x00000000229d0000)]
  0x00000000210e8000 JavaThread "Exec Default Executor" daemon [_thread_in_native, id=1984, stack(0x00000000226d0000,0x00000000227d0000)]
  0x0000000020eff000 JavaThread "ReaderThread" [_thread_in_native, id=13880, stack(0x0000000021600000,0x0000000021700000)]
  0x00000000206be000 JavaThread "Service Thread" daemon [_thread_blocked, id=14156, stack(0x0000000020c00000,0x0000000020d00000)]
  0x0000000020751000 JavaThread "C1 CompilerThread2" daemon [_thread_blocked, id=1440, stack(0x0000000020b00000,0x0000000020c00000)]
  0x000000002074e000 JavaThread "C2 CompilerThread1" daemon [_thread_blocked, id=14204, stack(0x0000000020a00000,0x0000000020b00000)]
  0x0000000020749800 JavaThread "C2 CompilerThread0" daemon [_thread_blocked, id=5244, stack(0x0000000020900000,0x0000000020a00000)]
  0x000000001e85e000 JavaThread "JDWP Command Reader" daemon [_thread_in_native, id=13928, stack(0x0000000020400000,0x0000000020500000)]
  0x000000001e85a800 JavaThread "JDWP Event Helper Thread" daemon [_thread_blocked, id=12820, stack(0x0000000020300000,0x0000000020400000)]
  0x000000001e84b800 JavaThread "JDWP Transport Listener: dt_socket" daemon [_thread_blocked, id=11804, stack(0x0000000020200000,0x0000000020300000)]
  0x000000001e842000 JavaThread "Attach Listener" daemon [_thread_blocked, id=11436, stack(0x000000001fdc0000,0x000000001fec0000)]
  0x000000001e841000 JavaThread "Signal Dispatcher" daemon [_thread_blocked, id=13684, stack(0x000000001fcc0000,0x000000001fdc0000)]
  0x00000000052fd800 JavaThread "Finalizer" daemon [_thread_blocked, id=5768, stack(0x000000001fac0000,0x000000001fbc0000)]
  0x00000000052f3000 JavaThread "Reference Handler" daemon [_thread_blocked, id=10208, stack(0x000000001f9c0000,0x000000001fac0000)]
  0x0000000005204000 JavaThread "main" [_thread_blocked, id=5132, stack(0x0000000005000000,0x0000000005100000)]

Other Threads:
=>0x000000001e807800 VMThread [stack: 0x000000001f8c0000,0x000000001f9c0000] [id=12280]
  0x0000000020747000 WatcherThread [stack: 0x0000000020d00000,0x0000000020e00000] [id=14236]

VM state:at safepoint (normal execution)

VM Mutex/Monitor currently owned by a thread:  ([mutex/lock_event])
[0x0000000005201250] Threads_lock - owner thread: 0x000000001e807800

heap address: 0x00000006c2a00000, size: 4054 MB, Compressed Oops mode: Zero based, Oop shift amount: 3
Narrow klass base: 0x0000000000000000, Narrow klass shift: 3
Compressed class space size: 1073741824 Address: 0x00000007c0000000

Heap:
 PSYoungGen      total 75776K, used 46508K [0x000000076b900000, 0x0000000770d80000, 0x00000007c0000000)
  eden space 65024K, 62% used [0x000000076b900000,0x000000076e0672e8,0x000000076f880000)
  from space 10752K, 57% used [0x000000076f880000,0x000000076fe83f80,0x0000000770300000)
  to   space 10752K, 0% used [0x0000000770300000,0x0000000770300000,0x0000000770d80000)
 ParOldGen       total 173568K, used 16K [0x00000006c2a00000, 0x00000006cd380000, 0x000000076b900000)
  object space 173568K, 0% used [0x00000006c2a00000,0x00000006c2a04000,0x00000006cd380000)
 Metaspace       used 15299K, capacity 16086K, committed 16256K, reserved 1062912K
  class space    used 1889K, capacity 2091K, committed 2176K, reserved 1048576K

Card table byte_map: [0x00000000146c0000,0x0000000014eb0000] byte_map_base: 0x00000000110ab000

Marking Bits: (ParMarkBitMap*) 0x000000006e124ce0
 Begin Bits: [0x0000000015800000, 0x0000000019758000)
 End Bits:   [0x0000000019758000, 0x000000001d6b0000)

Polling page: 0x00000000036b0000

CodeCache: size=245760Kb used=7182Kb max_used=7185Kb free=238577Kb
 bounds [0x0000000005300000, 0x0000000005a10000, 0x0000000014300000]
 total_blobs=2226 nmethods=1827 adapters=319
 compilation: enabled

Compilation events (10 events):
Event: 10.594 Thread 0x0000000020751000 1823       3       java.nio.charset.CharsetDecoder::<init> (10 bytes)
Event: 10.595 Thread 0x0000000020751000 nmethod 1823 0x0000000005a05dd0 code [0x0000000005a05f40, 0x0000000005a06108]
Event: 10.595 Thread 0x0000000020751000 1824       3       java.nio.charset.CharsetDecoder::<init> (108 bytes)
Event: 10.595 Thread 0x0000000020751000 nmethod 1824 0x0000000005a051d0 code [0x0000000005a053c0, 0x0000000005a05ae8]
Event: 10.595 Thread 0x0000000020751000 1826       3       com.google.common.base.Preconditions::checkArgument (17 bytes)
Event: 10.595 Thread 0x0000000020751000 nmethod 1826 0x0000000005a04ad0 code [0x0000000005a04c60, 0x0000000005a05018]
Event: 10.595 Thread 0x0000000020751000 1827       1       java.util.concurrent.ConcurrentHashMap::spread (10 bytes)
Event: 10.595 Thread 0x0000000020751000 nmethod 1827 0x0000000005a04810 code [0x0000000005a04960, 0x0000000005a04a50]
Event: 10.595 Thread 0x0000000020751000 1825       3       java.util.HashMap::entrySet (27 bytes)
Event: 10.596 Thread 0x0000000020751000 nmethod 1825 0x0000000005a04110 code [0x0000000005a042a0, 0x0000000005a04650]

GC Heap History (2 events):
Event: 2.465 GC heap before
{Heap before GC invocations=1 (full 0):
 PSYoungGen      total 75776K, used 65024K [0x000000076b900000, 0x0000000770d80000, 0x00000007c0000000)
  eden space 65024K, 100% used [0x000000076b900000,0x000000076f880000,0x000000076f880000)
  from space 10752K, 0% used [0x0000000770300000,0x0000000770300000,0x0000000770d80000)
  to   space 10752K, 0% used [0x000000076f880000,0x000000076f880000,0x0000000770300000)
 ParOldGen       total 173568K, used 0K [0x00000006c2a00000, 0x00000006cd380000, 0x000000076b900000)
  object space 173568K, 0% used [0x00000006c2a00000,0x00000006c2a00000,0x00000006cd380000)
 Metaspace       used 11634K, capacity 11940K, committed 12032K, reserved 1060864K
  class space    used 1389K, capacity 1530K, committed 1536K, reserved 1048576K
Event: 2.469 GC heap after
Heap after GC invocations=1 (full 0):
 PSYoungGen      total 75776K, used 6159K [0x000000076b900000, 0x0000000770d80000, 0x00000007c0000000)
  eden space 65024K, 0% used [0x000000076b900000,0x000000076b900000,0x000000076f880000)
  from space 10752K, 57% used [0x000000076f880000,0x000000076fe83f80,0x0000000770300000)
  to   space 10752K, 0% used [0x0000000770300000,0x0000000770300000,0x0000000770d80000)
 ParOldGen       total 173568K, used 16K [0x00000006c2a00000, 0x00000006cd380000, 0x000000076b900000)
  object space 173568K, 0% used [0x00000006c2a00000,0x00000006c2a04000,0x00000006cd380000)
 Metaspace       used 11634K, capacity 11940K, committed 12032K, reserved 1060864K
  class space    used 1389K, capacity 1530K, committed 1536K, reserved 1048576K
}

Deoptimization events (10 events):
Event: 2.811 Thread 0x0000000005204000 Uncommon trap: reason=unstable_if action=reinterpret pc=0x00000000055149dc method=org.eclipse.jdt.launching.internal.org.objectweb.asm.ByteVector.putUTF8(Ljava/lang/String;)Lorg/eclipse/jdt/launching/internal/org/objectweb/asm/ByteVector; @ 93
Event: 2.811 Thread 0x0000000005204000 Uncommon trap: reason=unstable_if action=reinterpret pc=0x00000000055d5c08 method=org.eclipse.jdt.launching.internal.org.objectweb.asm.ByteVector.encodeUtf8(Ljava/lang/String;II)Lorg/eclipse/jdt/launching/internal/org/objectweb/asm/ByteVector; @ 30
Event: 2.928 Thread 0x0000000005204000 Uncommon trap: reason=unstable_if action=reinterpret pc=0x00000000058009c4 method=java.util.regex.Pattern$BmpCharProperty.match(Ljava/util/regex/Matcher;ILjava/lang/CharSequence;)Z @ 34
Event: 3.011 Thread 0x0000000005204000 Uncommon trap: reason=unstable_if action=reinterpret pc=0x000000000572902c method=java.lang.CharacterDataLatin1.digit(II)I @ 82
Event: 5.314 Thread 0x0000000005204000 Uncommon trap: reason=class_check action=maybe_recompile pc=0x00000000058d4144 method=org.openqa.selenium.json.Input.init()V @ 18
Event: 5.314 Thread 0x0000000005204000 Uncommon trap: reason=class_check action=maybe_recompile pc=0x00000000058d4144 method=org.openqa.selenium.json.Input.init()V @ 18
Event: 5.314 Thread 0x0000000005204000 Uncommon trap: reason=class_check action=maybe_recompile pc=0x00000000058d4144 method=org.openqa.selenium.json.Input.init()V @ 18
Event: 5.314 Thread 0x0000000005204000 Uncommon trap: reason=class_check action=maybe_recompile pc=0x00000000058d4144 method=org.openqa.selenium.json.Input.init()V @ 18
Event: 5.346 Thread 0x0000000005204000 Uncommon trap: reason=unstable_if action=reinterpret pc=0x00000000058f1868 method=org.eclipse.jdt.launching.internal.org.objectweb.asm.MethodWriter.computeMethodInfoSize()I @ 166
Event: 5.346 Thread 0x0000000005204000 Uncommon trap: reason=unstable_if action=reinterpret pc=0x0000000005940328 method=org.eclipse.jdt.launching.internal.org.objectweb.asm.MethodWriter.putMethodInfo(Lorg/eclipse/jdt/launching/internal/org/objectweb/asm/ByteVector;)V @ 324

Classes redefined (3 events):
Event: 52.119 Thread 0x000000001e807800 redefined class name=testes.CRUDMenuTest, count=1
Event: 118.931 Thread 0x000000001e807800 redefined class name=testes.CRUDMenuTest, count=2
Event: 265.588 Thread 0x000000001e807800 redefined class name=testes.CRUDMenuTest, count=3

Internal exceptions (10 events):
Event: 9.844 Thread 0x0000000005204000 Exception <a 'java/net/SocketTimeoutException': Read timed out> (0x000000076de63a20) thrown at [C:\re\workspace\8-2-build-windows-amd64-cygwin\jdk8u201\12322\hotspot\src\share\vm\prims\jni.cpp, line 735]
Event: 9.856 Thread 0x0000000005204000 Exception <a 'java/net/SocketTimeoutException': Read timed out> (0x000000076de83458) thrown at [C:\re\workspace\8-2-build-windows-amd64-cygwin\jdk8u201\12322\hotspot\src\share\vm\prims\jni.cpp, line 735]
Event: 9.945 Thread 0x0000000005204000 Exception <a 'java/net/SocketTimeoutException': Read timed out> (0x000000076de97750) thrown at [C:\re\workspace\8-2-build-windows-amd64-cygwin\jdk8u201\12322\hotspot\src\share\vm\prims\jni.cpp, line 735]
Event: 9.964 Thread 0x0000000005204000 Exception <a 'java/net/SocketTimeoutException': Read timed out> (0x000000076deb0db0) thrown at [C:\re\workspace\8-2-build-windows-amd64-cygwin\jdk8u201\12322\hotspot\src\share\vm\prims\jni.cpp, line 735]
Event: 10.223 Thread 0x0000000005204000 Exception <a 'java/net/SocketTimeoutException': Read timed out> (0x000000076dec8968) thrown at [C:\re\workspace\8-2-build-windows-amd64-cygwin\jdk8u201\12322\hotspot\src\share\vm\prims\jni.cpp, line 735]
Event: 10.234 Thread 0x0000000005204000 Exception <a 'java/net/SocketTimeoutException': Read timed out> (0x000000076dee2280) thrown at [C:\re\workspace\8-2-build-windows-amd64-cygwin\jdk8u201\12322\hotspot\src\share\vm\prims\jni.cpp, line 735]
Event: 10.486 Thread 0x0000000005204000 Exception <a 'java/net/SocketTimeoutException': Read timed out> (0x000000076def5cf0) thrown at [C:\re\workspace\8-2-build-windows-amd64-cygwin\jdk8u201\12322\hotspot\src\share\vm\prims\jni.cpp, line 735]
Event: 10.495 Thread 0x0000000005204000 Exception <a 'java/net/SocketTimeoutException': Read timed out> (0x000000076df0f298) thrown at [C:\re\workspace\8-2-build-windows-amd64-cygwin\jdk8u201\12322\hotspot\src\share\vm\prims\jni.cpp, line 735]
Event: 10.521 Thread 0x0000000005204000 Exception <a 'java/net/SocketTimeoutException': Read timed out> (0x000000076df22c70) thrown at [C:\re\workspace\8-2-build-windows-amd64-cygwin\jdk8u201\12322\hotspot\src\share\vm\prims\jni.cpp, line 735]
Event: 10.540 Thread 0x0000000005204000 Exception <a 'java/net/SocketTimeoutException': Read timed out> (0x000000076df44ea0) thrown at [C:\re\workspace\8-2-build-windows-amd64-cygwin\jdk8u201\12322\hotspot\src\share\vm\prims\jni.cpp, line 735]

Events (10 events):
Event: 265.595 Executing VM operation: ChangeBreakpoints done
Event: 265.602 Executing VM operation: ChangeBreakpoints
Event: 265.602 Executing VM operation: ChangeBreakpoints done
Event: 265.603 Executing VM operation: ChangeBreakpoints
Event: 265.603 Executing VM operation: ChangeBreakpoints done
Event: 265.632 Executing VM operation: GetOwnedMonitorInfo
Event: 265.632 Executing VM operation: GetOwnedMonitorInfo done
Event: 265.633 Executing VM operation: GetCurrentContendedMonitor
Event: 265.633 Executing VM operation: GetCurrentContendedMonitor done
Event: 265.636 Executing VM operation: GetOrSetLocal


Dynamic libraries:
0x00007ff721c30000 - 0x00007ff721c67000 	C:\Program Files\Java\jre1.8.0_201\bin\javaw.exe
0x00007ffdde230000 - 0x00007ffdde410000 	C:\Windows\SYSTEM32\ntdll.dll
0x00007ffdde020000 - 0x00007ffdde0ce000 	C:\Windows\System32\KERNEL32.DLL
0x00007ffdda800000 - 0x00007ffddaa66000 	C:\Windows\System32\KERNELBASE.dll
0x00007ffddba00000 - 0x00007ffddbaa1000 	C:\Windows\System32\ADVAPI32.dll
0x00007ffddb960000 - 0x00007ffddb9fd000 	C:\Windows\System32\msvcrt.dll
0x00007ffddd9d0000 - 0x00007ffddda2b000 	C:\Windows\System32\sechost.dll
0x00007ffddd150000 - 0x00007ffddd26f000 	C:\Windows\System32\RPCRT4.dll
0x00007ffddd270000 - 0x00007ffddd3fe000 	C:\Windows\System32\USER32.dll
0x00007ffddacb0000 - 0x00007ffddacd0000 	C:\Windows\System32\win32u.dll
0x00007ffddb7c0000 - 0x00007ffddb7e8000 	C:\Windows\System32\GDI32.dll
0x00007ffddaa70000 - 0x00007ffddac04000 	C:\Windows\System32\gdi32full.dll
0x00007ffddac10000 - 0x00007ffddacab000 	C:\Windows\System32\msvcp_win.dll
0x00007ffddb500000 - 0x00007ffddb5f6000 	C:\Windows\System32\ucrtbase.dll
0x00007ffdc6320000 - 0x00007ffdc6589000 	C:\Windows\WinSxS\amd64_microsoft.windows.common-controls_6595b64144ccf1df_6.0.16299.19_none_cc92fab02215da61\COMCTL32.dll
0x00007ffddd520000 - 0x00007ffddd828000 	C:\Windows\System32\combase.dll
0x00007ffddb480000 - 0x00007ffddb4f2000 	C:\Windows\System32\bcryptPrimitives.dll
0x00007ffddda30000 - 0x00007ffddda5d000 	C:\Windows\System32\IMM32.DLL
0x00007ffdc44b0000 - 0x00007ffdc455f000 	C:\Program Files\McAfee\Endpoint Security\Threat Prevention\Ips\EpMPApi.dll
0x00007ffddacd0000 - 0x00007ffddad28000 	C:\Windows\System32\WINTRUST.dll
0x00007ffdda580000 - 0x00007ffdda592000 	C:\Windows\System32\MSASN1.dll
0x00007ffdda630000 - 0x00007ffdda7fe000 	C:\Windows\System32\CRYPT32.dll
0x000000006e6c0000 - 0x000000006e6cc000 	C:\Program Files\McAfee\Endpoint Security\Threat Prevention\Ips\EpMPThe.dll
0x000000006e1b0000 - 0x000000006e281000 	C:\Program Files\Java\jre1.8.0_201\bin\msvcr100.dll
0x000000006d900000 - 0x000000006e1a4000 	C:\Program Files\Java\jre1.8.0_201\bin\server\jvm.dll
0x00007ffdde000000 - 0x00007ffdde008000 	C:\Windows\System32\PSAPI.DLL
0x00007ffdcd8e0000 - 0x00007ffdcd8ea000 	C:\Windows\SYSTEM32\VERSION.dll
0x00007ffdd8950000 - 0x00007ffdd8973000 	C:\Windows\SYSTEM32\WINMM.dll
0x00007ffdcc6a0000 - 0x00007ffdcc6a9000 	C:\Windows\SYSTEM32\WSOCK32.dll
0x00007ffddd8e0000 - 0x00007ffddd94c000 	C:\Windows\System32\WS2_32.dll
0x00007ffdd88f0000 - 0x00007ffdd891a000 	C:\Windows\SYSTEM32\winmmbase.dll
0x00007ffddb6b0000 - 0x00007ffddb6fa000 	C:\Windows\System32\cfgmgr32.dll
0x00007ffdc5c80000 - 0x00007ffdc5c8f000 	C:\Program Files\Java\jre1.8.0_201\bin\verify.dll
0x00007ffdc5ba0000 - 0x00007ffdc5bc9000 	C:\Program Files\Java\jre1.8.0_201\bin\java.dll
0x00007ffdcb2d0000 - 0x00007ffdcb305000 	C:\Program Files\Java\jre1.8.0_201\bin\jdwp.dll
0x00007ffdd56c0000 - 0x00007ffdd56c8000 	C:\Program Files\Java\jre1.8.0_201\bin\npt.dll
0x00007ffdd4cd0000 - 0x00007ffdd4cf3000 	C:\Program Files\Java\jre1.8.0_201\bin\instrument.dll
0x00007ffdb1260000 - 0x00007ffdb1276000 	C:\Program Files\Java\jre1.8.0_201\bin\zip.dll
0x00007ffddbc50000 - 0x00007ffddd087000 	C:\Windows\System32\SHELL32.dll
0x00007ffddd830000 - 0x00007ffddd8d6000 	C:\Windows\System32\shcore.dll
0x00007ffddad30000 - 0x00007ffddb477000 	C:\Windows\System32\windows.storage.dll
0x00007ffddd0f0000 - 0x00007ffddd141000 	C:\Windows\System32\shlwapi.dll
0x00007ffdda5c0000 - 0x00007ffdda5d1000 	C:\Windows\System32\kernel.appcore.dll
0x00007ffdda5e0000 - 0x00007ffdda62c000 	C:\Windows\System32\powrprof.dll
0x00007ffdda5a0000 - 0x00007ffdda5bb000 	C:\Windows\System32\profapi.dll
0x00007ffdd4ef0000 - 0x00007ffdd4ef9000 	C:\Program Files\Java\jre1.8.0_201\bin\dt_socket.dll
0x00007ffdcfe40000 - 0x00007ffdcfe56000 	C:\Windows\system32\napinsp.dll
0x00007ffdcfed0000 - 0x00007ffdcfeea000 	C:\Windows\system32\pnrpnsp.dll
0x00007ffdd8280000 - 0x00007ffdd8298000 	C:\Windows\system32\NLAapi.dll
0x00007ffdd9da0000 - 0x00007ffdd9e06000 	C:\Windows\System32\mswsock.dll
0x00007ffdd9b80000 - 0x00007ffdd9c36000 	C:\Windows\SYSTEM32\DNSAPI.dll
0x00007ffdde010000 - 0x00007ffdde018000 	C:\Windows\System32\NSI.dll
0x00007ffdd9b40000 - 0x00007ffdd9b79000 	C:\Windows\SYSTEM32\IPHLPAPI.DLL
0x00007ffdcffc0000 - 0x00007ffdcffce000 	C:\Windows\System32\winrnr.dll
0x00007ffdd6d90000 - 0x00007ffdd6e00000 	C:\Windows\System32\fwpuclnt.dll
0x00007ffdda0e0000 - 0x00007ffdda105000 	C:\Windows\SYSTEM32\bcrypt.dll
0x00007ffdd4120000 - 0x00007ffdd412a000 	C:\Windows\System32\rasadhlp.dll
0x00007ffdb1210000 - 0x00007ffdb122a000 	C:\Program Files\Java\jre1.8.0_201\bin\net.dll
0x00007ffdcc100000 - 0x00007ffdcc2cc000 	C:\Windows\SYSTEM32\urlmon.dll
0x00007ffddb700000 - 0x00007ffddb71d000 	C:\Windows\System32\imagehlp.dll
0x00007ffdcd020000 - 0x00007ffdcd2b9000 	C:\Windows\SYSTEM32\iertutil.dll
0x00007ffdd9ff0000 - 0x00007ffdd9ffb000 	C:\Windows\SYSTEM32\CRYPTBASE.DLL
0x00007ffdb1230000 - 0x00007ffdb1254000 	C:\Program Files\Java\jre1.8.0_201\bin\sunec.dll
0x00007ffdc5b50000 - 0x00007ffdc5b5b000 	C:\Program Files\Java\jre1.8.0_201\bin\sunmscapi.dll
0x00007ffdd6500000 - 0x00007ffdd6516000 	C:\Windows\SYSTEM32\dhcpcsvc6.DLL
0x00007ffdd64c0000 - 0x00007ffdd64da000 	C:\Windows\SYSTEM32\dhcpcsvc.DLL
0x00007ffdaf190000 - 0x00007ffdaf1a1000 	C:\Program Files\Java\jre1.8.0_201\bin\nio.dll
0x00007ffdd9fc0000 - 0x00007ffdd9fd7000 	C:\Windows\SYSTEM32\CRYPTSP.dll
0x00007ffdd99c0000 - 0x00007ffdd99f3000 	C:\Windows\system32\rsaenh.dll
0x00007ffdda4b0000 - 0x00007ffdda4d9000 	C:\Windows\SYSTEM32\USERENV.dll
0x00007ffdcd910000 - 0x00007ffdcdad8000 	C:\Windows\SYSTEM32\dbghelp.dll

VM Arguments:
jvm_args: -agentlib:jdwp=transport=dt_socket,suspend=y,address=localhost:55470 -ea -javaagent:C:\Software\eclipse\configuration\org.eclipse.osgi\409\0\.cp\lib\javaagent-shaded.jar -Dfile.encoding=Cp1252 
java_command: org.eclipse.jdt.internal.junit.runner.RemoteTestRunner -version 3 -port 55469 -testLoaderClass org.eclipse.jdt.internal.junit4.runner.JUnit4TestLoader -loaderpluginname org.eclipse.jdt.junit4.runtime -test testes.CRUDMenuTest:BeditarMenu
java_class_path (initial): K:\Rafael\Repositório Git\saoPJeTestes\saoPJeTestes\target\test-classes;K:\Rafael\Repositório Git\saoPJeTestes\saoPJeTestes\target\classes;C:\Software\eclipse\plugins\org.junit.jupiter.api_5.4.0.v20190212-2109.jar;C:\Software\eclipse\plugins\org.junit.jupiter.engine_5.4.0.v20190212-2109.jar;C:\Software\eclipse\plugins\org.junit.jupiter.migrationsupport_5.4.0.v20190212-2109.jar;C:\Software\eclipse\plugins\org.junit.jupiter.params_5.4.0.v20190212-2109.jar;C:\Software\eclipse\plugins\org.junit.platform.commons_1.4.0.v20190212-2109.jar;C:\Software\eclipse\plugins\org.junit.platform.engine_1.4.0.v20190212-2109.jar;C:\Software\eclipse\plugins\org.junit.platform.launcher_1.4.0.v20190212-2109.jar;C:\Software\eclipse\plugins\org.junit.platform.runner_1.4.0.v20190212-2109.jar;C:\Software\eclipse\plugins\org.junit.platform.suite.api_1.4.0.v20190212-2109.jar;C:\Software\eclipse\plugins\org.junit.vintage.engine_5.4.0.v20190212-2109.jar;C:\Software\eclipse\plugins\org.opentest4j_1.1.1.v20190212-2109.jar;C:\Software\eclipse\plugins\org.apiguardian_1.0.0.v20190212-2109.jar;C:\Software\eclipse\plugins\org.junit_4.12.0.v201504281640\junit.jar;C:\Software\eclipse\plugins\org.hamcrest.core_1.3.0.v20180420-1519.jar;C:\Software\postgresql-42.2.6.jar;C:\Software\commons-io-2.6\commons-io-2.6.jar;C:\Software\commons-io-2.6\commons-io-2.6-javadoc.jar;C:\Software\commons-io-2.6\commons-io-2.6-sources.jar;C:\Software\commons-io-2.6\commons-io-2.6-tests.jar;C:\Software\commons-io-2.6\commons-io-2.6-test-sources.jar;C:\Users\rstargino\.m2\repository\org\seleniumhq\selenium\selenium-java\3.141.59\selenium-java-3.141.59.jar;C:\Users\rstargino\.m2\repository\org\seleniumhq\selenium\selenium-api\3.141.59\selenium-api-3.141.59.jar;C:\Users\rstargino\.m2\repository\org\seleniumhq\selenium\selenium-chrome-driver\3.141.59\selenium-chrome-driver-3.141.59.jar;C:\Users\rstargino\.m2\repository\org\seleniumhq\selenium\selenium-edge-driver\3.141.59\selenium-edge-driver-3.141.59.
Launcher Type: SUN_STANDARD

Environment Variables:
JAVA_HOME=C:\Program Files\Java\jdk1.8.0_201
PATH=C:/Program Files/Java/jre1.8.0_201/bin/server;C:/Program Files/Java/jre1.8.0_201/bin;C:/Program Files/Java/jre1.8.0_201/lib/amd64;C:\Program Files (x86)\Common Files\Oracle\Java\javapath;C:\Windows\system32;C:\Windows;C:\Windows\System32\Wbem;C:\Windows\System32\WindowsPowerShell\v1.0\;C:\Program Files (x86)\AOMEI Backupper;C:\Program Files\SafeNet\Authentication\SAC\x64;C:\Program Files\SafeNet\Authentication\SAC\x32;C:\Software\apache-maven-3.6.0\bin;C:\Program Files\Java\jdk1.8.0_201\bin;C:\Program Files (x86)\Brackets\command;C:\Program Files\nodejs\;C:\Program Files\Microsoft VS Code\bin;C:\Software;C:\Program Files\Git\cmd;C:\Users\rstargino\AppData\Local\Microsoft\WindowsApps;C:\Users\rstargino\AppData\Roaming\npm;C:\Software\eclipse;
USERNAME=rstargino
OS=Windows_NT
PROCESSOR_IDENTIFIER=Intel64 Family 6 Model 158 Stepping 9, GenuineIntel



---------------  S Y S T E M  ---------------

OS: Windows 10.0 , 64 bit Build 16299 (10.0.16299.15)

CPU:total 4 (initial active 4) (4 cores per cpu, 1 threads per core) family 6 model 158 stepping 9, cmov, cx8, fxsr, mmx, sse, sse2, sse3, ssse3, sse4.1, sse4.2, popcnt, avx, avx2, aes, clmul, erms, rtm, 3dnowpref, lzcnt, tsc, tscinvbit, bmi1, bmi2, adx

Memory: 4k page, physical 16598492k(9606612k free), swap 19088860k(8461120k free)

vm_info: Java HotSpot(TM) 64-Bit Server VM (25.201-b09) for windows-amd64 JRE (1.8.0_201-b09), built on Dec 15 2018 18:36:39 by "java_re" with MS VC++ 10.0 (VS2010)

time: Mon Aug 26 16:39:50 2019
timezone: Hora Padrão de Buenos Aires
elapsed time: 265 seconds (0d 0h 4m 25s)

